\BOOKMARK [0][-]{chapter.1}{Introduction}{}
\BOOKMARK [1][-]{section.1.1}{Remarques}{chapter.1}
\BOOKMARK [2][-]{subsection.1.1.1}{Connexit\351}{section.1.1}
\BOOKMARK [0][-]{chapter.2}{Propri\351t\351s G\351n\351rales}{}
\BOOKMARK [1][-]{section.2.1}{Exercice 4 - Coloration des Sommets}{chapter.2}
\BOOKMARK [1][-]{section.2.2}{Exercice 5 - Coloration des Sommets}{chapter.2}
\BOOKMARK [1][-]{section.2.3}{Exercice 6 - Coloration des Sommets}{chapter.2}
\BOOKMARK [0][-]{chapter.3}{Heuristiques}{}
\BOOKMARK [1][-]{section.3.1}{Exercice 14 - Coloration de Sommets}{chapter.3}
\BOOKMARK [2][-]{subsection.3.1.1}{Question 1}{section.3.1}
\BOOKMARK [2][-]{subsection.3.1.2}{Question 2}{section.3.1}
\BOOKMARK [1][-]{section.3.2}{Exercice 15 - Coloration de Sommets}{chapter.3}
\BOOKMARK [2][-]{subsection.3.2.1}{Question 1}{section.3.2}
\BOOKMARK [2][-]{subsection.3.2.2}{Question 2}{section.3.2}
\BOOKMARK [0][-]{chapter.4}{Approximations}{}
\BOOKMARK [1][-]{section.4.1}{Exercice 16 - Coloration des Sommets d'un Graphe}{chapter.4}
\BOOKMARK [2][-]{subsection.4.1.1}{Question 1}{section.4.1}
\BOOKMARK [2][-]{subsection.4.1.2}{Question 2}{section.4.1}
\BOOKMARK [2][-]{subsection.4.1.3}{Question 3}{section.4.1}
\BOOKMARK [2][-]{subsection.4.1.4}{Question 4}{section.4.1}
\BOOKMARK [2][-]{subsection.4.1.5}{Question 5}{section.4.1}
\BOOKMARK [2][-]{subsection.4.1.6}{Question 6}{section.4.1}
\BOOKMARK [2][-]{subsection.4.1.7}{Question 7}{section.4.1}
\BOOKMARK [0][-]{chapter.5}{Contraintes}{}
\BOOKMARK [1][-]{section.5.1}{Exercice 19 - M\351langeons les reines et les sudokus}{chapter.5}
\BOOKMARK [2][-]{subsection.5.1.1}{Mod\350les}{section.5.1}
\BOOKMARK [2][-]{subsection.5.1.2}{Dual du mod\350le position sur la colonne}{section.5.1}
\BOOKMARK [2][-]{subsection.5.1.3}{Strat\351gie de recherche}{section.5.1}
\BOOKMARK [2][-]{subsection.5.1.4}{Mod\350le pour la coloration des reines}{section.5.1}
\BOOKMARK [2][-]{subsection.5.1.5}{Solutions pour n = 5}{section.5.1}
\BOOKMARK [2][-]{subsection.5.1.6}{Solution pour n > 5}{section.5.1}
\BOOKMARK [2][-]{subsection.5.1.7}{Conclusion}{section.5.1}
\BOOKMARK [0][-]{chapter.6}{Repr\351sentation des Connaissances}{}
\BOOKMARK [1][-]{section.6.1}{Exercice 21 - Coloration et Homomorphisme}{chapter.6}
\BOOKMARK [2][-]{subsection.6.1.1}{Question 1}{section.6.1}
\BOOKMARK [2][-]{subsection.6.1.2}{Question 2}{section.6.1}
\BOOKMARK [1][-]{section.6.2}{Exercice 22 - Homomorphisme et Satisfaction de Contraintes}{chapter.6}
\BOOKMARK [0][-]{chapter.7}{Complexit\351 param\351trique}{}
\BOOKMARK [1][-]{section.7.1}{Exercice 24 - Noyau pour la 3-coloration param\351tr\351 par le vertex-cover}{chapter.7}
\BOOKMARK [2][-]{subsection.7.1.1}{D\351finitions}{section.7.1}
\BOOKMARK [2][-]{subsection.7.1.2}{Question 1}{section.7.1}
\BOOKMARK [2][-]{subsection.7.1.3}{Question 2}{section.7.1}
\BOOKMARK [2][-]{subsection.7.1.4}{Question 3}{section.7.1}
